<?xml version="1.0" encoding="UTF-8"?>
<!-- Generated by org.testng.reporters.JUnitReportReporter -->
<testsuite skipped="0" hostname="iZam" name="february2022.Tugas5.APITest" tests="1" failures="0" timestamp="02 Mar 2022 09:50:02 GMT" time="3.286" errors="0">
  <testcase name="Register" time="3.286" classname="february2022.Tugas5.APITest"/>
</testsuite> <!-- february2022.Tugas5.APITest -->
