<?xml version="1.0" encoding="UTF-8"?>
<!-- Generated by org.testng.reporters.JUnitReportReporter -->
<testsuite skipped="0" hostname="iZam" name="february2022.Tugas3.AppTest" tests="1" failures="0" timestamp="28 Feb 2022 10:07:52 GMT" time="10.847" errors="0">
  <testcase name="test1" time="10.847" classname="february2022.Tugas3.AppTest"/>
</testsuite> <!-- february2022.Tugas3.AppTest -->
